============================================================
  Generated by:           Genus(TM) Synthesis Solution 19.14-s108_1
  Generated on:           Nov 21 2025  10:50:48 pm
  Module:                 multiplier
  Operating conditions:   PVT_0P9V_125C (balanced_tree)
  Wireload mode:          enclosed
  Area mode:              timing library
============================================================

Timing
--------

Clock Period 
-------------
clk   2500.0 


  Cost    Critical         Violating 
 Group   Path Slack  TNS     Paths   
-------------------------------------
clk           422.9   0.0          0 
default    No paths   0.0            
-------------------------------------
Total                 0.0          0 

Instance Count
--------------
Leaf Instance Count             758 
Physical Instance count           0 
Sequential Instance Count       168 
Combinational Instance Count    590 
Hierarchical Instance Count       0 

Area
----
Cell Area                          2303.370
Physical Cell Area                 0.000
Total Cell Area (Cell+Physical)    2303.370
Net Area                           0.000
Total Area (Cell+Physical+Net)     2303.370

Max Fanout                         168 (clk)
Min Fanout                         1 (p01[15])
Average Fanout                     1.9
Terms to net ratio                 2.7474
Terms to instance ratio            3.5303
Runtime                            13.991787 seconds
Elapsed Runtime                    18 seconds
Genus peak memory usage            1078.22 
Innovus peak memory usage          no_value 
Hostname                           ssh-soc.ece.ubc.ca
