============================================================
  Generated by:           Genus(TM) Synthesis Solution 19.14-s108_1
  Generated on:           Nov 21 2025  09:00:39 pm
  Module:                 multiplier
  Operating conditions:   PVT_0P9V_125C (balanced_tree)
  Wireload mode:          enclosed
  Area mode:              timing library
============================================================

Timing
--------

Clock Period 
-------------
clk   1250.0 


  Cost    Critical         Violating 
 Group   Path Slack  TNS     Paths   
-------------------------------------
clk             0.4   0.0          0 
default    No paths   0.0            
-------------------------------------
Total                 0.0          0 

Instance Count
--------------
Leaf Instance Count             2526 
Physical Instance count            0 
Sequential Instance Count        736 
Combinational Instance Count    1790 
Hierarchical Instance Count        0 

Area
----
Cell Area                          6921.738
Physical Cell Area                 0.000
Total Cell Area (Cell+Physical)    6921.738
Net Area                           0.000
Total Area (Cell+Physical+Net)     6921.738

Max Fanout                         736 (clk)
Min Fanout                         1 (lvl2_3[31])
Average Fanout                     2.1
Terms to net ratio                 3.0842
Terms to instance ratio            3.2197
Runtime                            31.92148400000002 seconds
Elapsed Runtime                    35 seconds
Genus peak memory usage            1192.70 
Innovus peak memory usage          no_value 
Hostname                           ssh-soc.ece.ubc.ca
